PhysicaloidLibrary/build/outputs/logs/manifest-merger-debug-report.txt
-- Merging decision tree log ---
manifest
ADDED from NovelT3.1\PhysicaloidLibrary\AndroidManifest.xml:1:1-8:12
INJECTED from NovelT3.1\PhysicaloidLibrary\AndroidManifest.xml:1:1-8:12
INJECTED from NovelT3.1\PhysicaloidLibrary\AndroidManifest.xml:1:1-8:12
INJECTED from NovelT3.1\PhysicaloidLibrary\AndroidManifest.xml:1:1-8:12
INJECTED from NovelT3.1\PhysicaloidLibrary\AndroidManifest.xml:1:1-8:12
INJECTED from NovelT3.1\PhysicaloidLibrary\AndroidManifest.xml:1:1-8:12
INJECTED from NovelT3.1\PhysicaloidLibrary\AndroidManifest.xml:1:1-8:12
	package
		ADDED from NovelT3.1\PhysicaloidLibrary\AndroidManifest.xml:2:5-30
		INJECTED from NovelT3.1\PhysicaloidLibrary\AndroidManifest.xml
		INJECTED from NovelT3.1\PhysicaloidLibrary\AndroidManifest.xml
	android:versionName
		ADDED from NovelT3.1\PhysicaloidLibrary\AndroidManifest.xml:4:5-30
		INJECTED from NovelT3.1\PhysicaloidLibrary\AndroidManifest.xml
		INJECTED from NovelT3.1\PhysicaloidLibrary\AndroidManifest.xml
	xmlns:android
		ADDED from NovelT3.1\PhysicaloidLibrary\AndroidManifest.xml:1:11-69
	android:versionCode
		ADDED from NovelT3.1\PhysicaloidLibrary\AndroidManifest.xml:3:5-28
		INJECTED from NovelT3.1\PhysicaloidLibrary\AndroidManifest.xml
		INJECTED from NovelT3.1\PhysicaloidLibrary\AndroidManifest.xml
uses-sdk
ADDED from NovelT3.1\PhysicaloidLibrary\AndroidManifest.xml:6:5-47
INJECTED from NovelT3.1\PhysicaloidLibrary\AndroidManifest.xml:6:5-47
INJECTED from NovelT3.1\PhysicaloidLibrary\AndroidManifest.xml:6:5-47
INJECTED from NovelT3.1\PhysicaloidLibrary\AndroidManifest.xml:6:5-47
INJECTED from NovelT3.1\PhysicaloidLibrary\AndroidManifest.xml:6:5-47
	android:targetSdkVersion
		ADDED from NovelT3.1\PhysicaloidLibrary\AndroidManifest.xml:6:15-44
		INJECTED from NovelT3.1\PhysicaloidLibrary\AndroidManifest.xml
		INJECTED from NovelT3.1\PhysicaloidLibrary\AndroidManifest.xml
	android:minSdkVersion
		INJECTED from NovelT3.1\PhysicaloidLibrary\AndroidManifest.xml
		ADDED from NovelT3.1\PhysicaloidLibrary\AndroidManifest.xml:6:5-47
		INJECTED from NovelT3.1\PhysicaloidLibrary\AndroidManifest.xml